2024-10-06 15:40:52
nohup: ignoring input
smile len is:572
target len is:572
enzyme len is:572
pathway len is:572
dataset len 37264
[178.92519219282858, 180.5517730063238, 206.54793938012727, 249.61438968790594, 279.5176713455973, 286.8960068826426, 288.238970335156, 288.9702447961049, 311.28747754255943, 322.89632936315326, 343.90085922951044, 350.3805006817902, 363.4201592935626, 363.4201592935626, 376.66097167930155, 383.18579612576997, 383.7955597804609, 385.0378597097874, 385.3533181694507, 386.63543970011756, 396.6689744732251, 407.2344291565854, 408.22456052139444, 410.78922524077194, 412.393640968347, 418.7606120871771, 421.2927987281148, 422.6086641439835, 426.0583077183311, 428.2484388512507, 430.5389156528154, 432.12635056854435, 434.60619762551306, 435.460919293478, 436.33050642907153, 438.1164105591755, 439.0338674925853, 441.8917881845827, 443.89205491526764, 444.9230192754045, 449.2735881248859, 449.2735881248859, 454.0390971151022, 454.0390971151022, 454.0390971151022, 462.1650435899909, 462.1650435899909, 486.2569479346279, 488.6964561430995, 503.08055976568846, 510.2356019477222, 514.237737331399, 523.3538151710968, 523.3538151710968, 528.621840953988, 528.621840953988, 528.621840953988, 541.1875623680334, 541.1875623680334, 548.8950963593962, 558.011174199094, 558.011174199094, 558.011174199094, 558.011174199094, 558.011174199094]
train len 29811
test len 7453
arg train len 59622
test len 7453
epoch [1] loss: 2.404068 testing_loss: 1.816529 
epoch [2] loss: 1.891778 testing_loss: 1.493289 
epoch [3] loss: 1.550359 testing_loss: 1.218179 
epoch [4] loss: 1.314841 testing_loss: 1.041298 
epoch [5] loss: 1.148390 testing_loss: 0.951090 
epoch [6] loss: 1.024446 testing_loss: 0.836043 
epoch [7] loss: 0.936482 testing_loss: 0.790110 
epoch [8] loss: 0.870521 testing_loss: 0.734483 
epoch [9] loss: 0.818366 testing_loss: 0.682331 
epoch [10] loss: 0.769815 testing_loss: 0.646529 
epoch [11] loss: 0.734447 testing_loss: 0.620910 
epoch [12] loss: 0.700796 testing_loss: 0.601341 
epoch [13] loss: 0.675763 testing_loss: 0.584847 
epoch [14] loss: 0.650634 testing_loss: 0.560064 
epoch [15] loss: 0.628854 testing_loss: 0.547366 
epoch [16] loss: 0.604802 testing_loss: 0.534619 
epoch [17] loss: 0.585647 testing_loss: 0.528434 
epoch [18] loss: 0.567868 testing_loss: 0.500722 
epoch [19] loss: 0.551652 testing_loss: 0.494806 
epoch [20] loss: 0.536883 testing_loss: 0.489574 
epoch [21] loss: 0.521344 testing_loss: 0.477154 
epoch [22] loss: 0.505537 testing_loss: 0.458861 
epoch [23] loss: 0.491694 testing_loss: 0.449206 
epoch [24] loss: 0.477084 testing_loss: 0.440222 
epoch [25] loss: 0.466024 testing_loss: 0.439306 
epoch [26] loss: 0.452731 testing_loss: 0.415709 
epoch [27] loss: 0.437376 testing_loss: 0.411111 
epoch [28] loss: 0.429144 testing_loss: 0.393021 
epoch [29] loss: 0.418130 testing_loss: 0.387122 
epoch [30] loss: 0.407701 testing_loss: 0.377383 
epoch [31] loss: 0.397295 testing_loss: 0.387583 
epoch [32] loss: 0.384808 testing_loss: 0.363554 
epoch [33] loss: 0.374651 testing_loss: 0.362333 
epoch [34] loss: 0.366566 testing_loss: 0.350349 
epoch [35] loss: 0.356480 testing_loss: 0.355329 
epoch [36] loss: 0.347354 testing_loss: 0.335524 
epoch [37] loss: 0.340205 testing_loss: 0.325623 
epoch [38] loss: 0.330787 testing_loss: 0.323863 
epoch [39] loss: 0.323345 testing_loss: 0.316475 
epoch [40] loss: 0.314631 testing_loss: 0.309583 
epoch [41] loss: 0.148363 testing_loss: 0.142161 
epoch [42] loss: 0.124182 testing_loss: 0.135351 
epoch [43] loss: 0.113727 testing_loss: 0.128171 
epoch [44] loss: 0.106446 testing_loss: 0.121106 
epoch [45] loss: 0.101058 testing_loss: 0.119011 
epoch [46] loss: 0.098543 testing_loss: 0.114396 
epoch [47] loss: 0.092558 testing_loss: 0.110616 
epoch [48] loss: 0.088875 testing_loss: 0.106353 
epoch [49] loss: 0.086484 testing_loss: 0.107087 
epoch [50] loss: 0.084728 testing_loss: 0.103902 
epoch [51] loss: 0.081206 testing_loss: 0.102620 
epoch [52] loss: 0.079452 testing_loss: 0.096794 
epoch [53] loss: 0.075428 testing_loss: 0.100550 
epoch [54] loss: 0.073759 testing_loss: 0.096457 
epoch [55] loss: 0.071939 testing_loss: 0.097365 
epoch [56] loss: 0.069566 testing_loss: 0.099254 
epoch [57] loss: 0.067921 testing_loss: 0.092692 
epoch [58] loss: 0.066567 testing_loss: 0.089252 
epoch [59] loss: 0.065192 testing_loss: 0.094440 
epoch [60] loss: 0.063279 testing_loss: 0.092631 
epoch [61] loss: 0.062350 testing_loss: 0.089739 
epoch [62] loss: 0.060805 testing_loss: 0.094075 
epoch [63] loss: 0.058567 testing_loss: 0.089094 
epoch [64] loss: 0.057681 testing_loss: 0.089348 
epoch [65] loss: 0.056213 testing_loss: 0.086108 
epoch [66] loss: 0.055783 testing_loss: 0.087261 
epoch [67] loss: 0.053527 testing_loss: 0.087613 
epoch [68] loss: 0.052221 testing_loss: 0.086129 
epoch [69] loss: 0.051233 testing_loss: 0.082227 
epoch [70] loss: 0.049492 testing_loss: 0.081763 
epoch [71] loss: 0.048146 testing_loss: 0.080886 
epoch [72] loss: 0.047289 testing_loss: 0.085870 
epoch [73] loss: 0.047054 testing_loss: 0.082674 
epoch [74] loss: 0.046080 testing_loss: 0.083231 
epoch [75] loss: 0.044953 testing_loss: 0.081385 
epoch [76] loss: 0.044600 testing_loss: 0.082031 
epoch [77] loss: 0.043276 testing_loss: 0.080416 
epoch [78] loss: 0.042308 testing_loss: 0.078748 
epoch [79] loss: 0.040318 testing_loss: 0.080960 
epoch [80] loss: 0.040240 testing_loss: 0.078349 
epoch [81] loss: 0.040747 testing_loss: 0.081808 
epoch [82] loss: 0.038789 testing_loss: 0.078529 
epoch [83] loss: 0.038475 testing_loss: 0.078170 
epoch [84] loss: 0.038139 testing_loss: 0.079096 
epoch [85] loss: 0.036965 testing_loss: 0.073702 
epoch [86] loss: 0.035482 testing_loss: 0.077456 
epoch [87] loss: 0.035168 testing_loss: 0.075659 
epoch [88] loss: 0.035673 testing_loss: 0.074013 
epoch [89] loss: 0.033239 testing_loss: 0.072931 
epoch [90] loss: 0.033999 testing_loss: 0.074285 
epoch [91] loss: 0.032376 testing_loss: 0.073137 
epoch [92] loss: 0.031791 testing_loss: 0.076343 
epoch [93] loss: 0.032500 testing_loss: 0.077960 
epoch [94] loss: 0.031473 testing_loss: 0.079121 
epoch [95] loss: 0.030267 testing_loss: 0.077391 
epoch [96] loss: 0.029944 testing_loss: 0.074003 
epoch [97] loss: 0.028284 testing_loss: 0.078927 
epoch [98] loss: 0.028404 testing_loss: 0.074286 
epoch [99] loss: 0.028215 testing_loss: 0.074404 
epoch [100] loss: 0.028124 testing_loss: 0.075171 
epoch [101] loss: 0.027952 testing_loss: 0.076112 
epoch [102] loss: 0.027038 testing_loss: 0.077023 
epoch [103] loss: 0.026287 testing_loss: 0.071993 
epoch [104] loss: 0.027155 testing_loss: 0.069914 
epoch [105] loss: 0.025870 testing_loss: 0.071612 
epoch [106] loss: 0.024758 testing_loss: 0.071402 
epoch [107] loss: 0.024548 testing_loss: 0.068756 
epoch [108] loss: 0.023702 testing_loss: 0.074726 
epoch [109] loss: 0.024788 testing_loss: 0.074800 
epoch [110] loss: 0.024454 testing_loss: 0.071210 
epoch [111] loss: 0.023059 testing_loss: 0.069284 
epoch [112] loss: 0.022892 testing_loss: 0.073412 
epoch [113] loss: 0.023560 testing_loss: 0.072856 
epoch [114] loss: 0.022723 testing_loss: 0.069405 
epoch [115] loss: 0.022981 testing_loss: 0.071236 
epoch [116] loss: 0.021884 testing_loss: 0.072564 
epoch [117] loss: 0.021380 testing_loss: 0.070868 
epoch [118] loss: 0.020785 testing_loss: 0.070682 
epoch [119] loss: 0.020089 testing_loss: 0.069557 
epoch [120] loss: 0.020284 testing_loss: 0.069267 
train len 29811
test len 7453
arg train len 59622
test len 7453
epoch [1] loss: 2.417597 testing_loss: 1.844015 
epoch [2] loss: 1.893403 testing_loss: 1.476016 
epoch [3] loss: 1.544181 testing_loss: 1.206235 
epoch [4] loss: 1.305676 testing_loss: 1.058884 
epoch [5] loss: 1.142012 testing_loss: 0.957324 
epoch [6] loss: 1.022269 testing_loss: 0.877862 
epoch [7] loss: 0.932222 testing_loss: 0.801249 
epoch [8] loss: 0.864271 testing_loss: 0.749243 
epoch [9] loss: 0.814650 testing_loss: 0.703184 
epoch [10] loss: 0.770966 testing_loss: 0.684710 
epoch [11] loss: 0.734075 testing_loss: 0.652622 
epoch [12] loss: 0.702838 testing_loss: 0.611324 
epoch [13] loss: 0.674503 testing_loss: 0.611112 
epoch [14] loss: 0.643743 testing_loss: 0.576341 
epoch [15] loss: 0.626989 testing_loss: 0.560471 
epoch [16] loss: 0.602186 testing_loss: 0.549258 
epoch [17] loss: 0.583862 testing_loss: 0.525072 
epoch [18] loss: 0.566794 testing_loss: 0.505202 
epoch [19] loss: 0.549417 testing_loss: 0.515099 
epoch [20] loss: 0.532662 testing_loss: 0.494277 
epoch [21] loss: 0.517968 testing_loss: 0.475999 
epoch [22] loss: 0.501082 testing_loss: 0.457303 
epoch [23] loss: 0.488398 testing_loss: 0.458415 
epoch [24] loss: 0.474194 testing_loss: 0.447677 
epoch [25] loss: 0.463001 testing_loss: 0.442387 
epoch [26] loss: 0.448855 testing_loss: 0.434175 
epoch [27] loss: 0.439227 testing_loss: 0.409799 
epoch [28] loss: 0.424795 testing_loss: 0.398179 
epoch [29] loss: 0.413346 testing_loss: 0.389443 
epoch [30] loss: 0.402712 testing_loss: 0.383385 
epoch [31] loss: 0.391844 testing_loss: 0.368085 
epoch [32] loss: 0.383240 testing_loss: 0.363980 
epoch [33] loss: 0.372502 testing_loss: 0.365053 
epoch [34] loss: 0.363760 testing_loss: 0.361562 
epoch [35] loss: 0.354719 testing_loss: 0.351773 
epoch [36] loss: 0.343440 testing_loss: 0.334395 
epoch [37] loss: 0.337648 testing_loss: 0.332288 
epoch [38] loss: 0.329202 testing_loss: 0.334653 
epoch [39] loss: 0.319318 testing_loss: 0.322388 
epoch [40] loss: 0.311044 testing_loss: 0.313494 
epoch [41] loss: 0.145001 testing_loss: 0.151436 
epoch [42] loss: 0.121271 testing_loss: 0.140971 
epoch [43] loss: 0.113413 testing_loss: 0.134881 
epoch [44] loss: 0.105930 testing_loss: 0.132170 
epoch [45] loss: 0.099227 testing_loss: 0.127195 
epoch [46] loss: 0.095308 testing_loss: 0.122105 
epoch [47] loss: 0.090470 testing_loss: 0.121080 
epoch [48] loss: 0.086910 testing_loss: 0.117076 
epoch [49] loss: 0.085408 testing_loss: 0.122144 
epoch [50] loss: 0.083419 testing_loss: 0.117431 
epoch [51] loss: 0.079633 testing_loss: 0.114662 
epoch [52] loss: 0.076248 testing_loss: 0.113014 
epoch [53] loss: 0.074667 testing_loss: 0.113486 
epoch [54] loss: 0.073250 testing_loss: 0.109594 
epoch [55] loss: 0.070835 testing_loss: 0.112714 
epoch [56] loss: 0.067827 testing_loss: 0.107543 
epoch [57] loss: 0.067065 testing_loss: 0.108587 
epoch [58] loss: 0.066622 testing_loss: 0.108966 
epoch [59] loss: 0.063105 testing_loss: 0.111815 
epoch [60] loss: 0.061349 testing_loss: 0.108356 
epoch [61] loss: 0.060196 testing_loss: 0.108165 
epoch [62] loss: 0.059137 testing_loss: 0.101177 
epoch [63] loss: 0.057651 testing_loss: 0.101291 
epoch [64] loss: 0.058003 testing_loss: 0.102981 
epoch [65] loss: 0.055267 testing_loss: 0.099621 
epoch [66] loss: 0.054283 testing_loss: 0.102040 
epoch [67] loss: 0.052819 testing_loss: 0.097438 
epoch [68] loss: 0.051609 testing_loss: 0.100555 
epoch [69] loss: 0.049727 testing_loss: 0.100746 
epoch [70] loss: 0.049790 testing_loss: 0.097673 
epoch [71] loss: 0.048064 testing_loss: 0.095825 
epoch [72] loss: 0.047794 testing_loss: 0.093947 
epoch [73] loss: 0.045446 testing_loss: 0.094275 
epoch [74] loss: 0.045808 testing_loss: 0.093829 
epoch [75] loss: 0.043732 testing_loss: 0.093372 
epoch [76] loss: 0.043413 testing_loss: 0.095917 
epoch [77] loss: 0.043052 testing_loss: 0.093906 
epoch [78] loss: 0.040751 testing_loss: 0.094842 
epoch [79] loss: 0.041197 testing_loss: 0.092513 
epoch [80] loss: 0.039085 testing_loss: 0.091301 
epoch [81] loss: 0.039266 testing_loss: 0.093862 
epoch [82] loss: 0.038960 testing_loss: 0.090342 
epoch [83] loss: 0.037873 testing_loss: 0.090820 
epoch [84] loss: 0.036524 testing_loss: 0.092756 
epoch [85] loss: 0.036194 testing_loss: 0.092805 
epoch [86] loss: 0.034962 testing_loss: 0.092680 
epoch [87] loss: 0.033046 testing_loss: 0.091278 
epoch [88] loss: 0.033346 testing_loss: 0.089229 
epoch [89] loss: 0.033662 testing_loss: 0.086903 
epoch [90] loss: 0.032906 testing_loss: 0.086960 
epoch [91] loss: 0.031253 testing_loss: 0.090061 
epoch [92] loss: 0.031148 testing_loss: 0.088887 
epoch [93] loss: 0.031150 testing_loss: 0.086364 
epoch [94] loss: 0.030920 testing_loss: 0.091904 
epoch [95] loss: 0.029753 testing_loss: 0.091165 
epoch [96] loss: 0.028902 testing_loss: 0.085461 
epoch [97] loss: 0.027992 testing_loss: 0.088149 
epoch [98] loss: 0.027624 testing_loss: 0.086518 
epoch [99] loss: 0.028055 testing_loss: 0.085254 
epoch [100] loss: 0.027404 testing_loss: 0.089694 
epoch [101] loss: 0.026576 testing_loss: 0.089718 
epoch [102] loss: 0.027538 testing_loss: 0.085885 
epoch [103] loss: 0.026310 testing_loss: 0.086822 
epoch [104] loss: 0.026253 testing_loss: 0.087675 
epoch [105] loss: 0.025846 testing_loss: 0.086266 
epoch [106] loss: 0.024321 testing_loss: 0.087961 
epoch [107] loss: 0.023748 testing_loss: 0.085384 
epoch [108] loss: 0.024798 testing_loss: 0.085231 
epoch [109] loss: 0.022895 testing_loss: 0.087699 
epoch [110] loss: 0.023212 testing_loss: 0.091356 
epoch [111] loss: 0.022225 testing_loss: 0.088330 
epoch [112] loss: 0.022842 testing_loss: 0.087227 
epoch [113] loss: 0.021652 testing_loss: 0.088800 
epoch [114] loss: 0.022100 testing_loss: 0.087724 
epoch [115] loss: 0.021561 testing_loss: 0.088180 
epoch [116] loss: 0.021000 testing_loss: 0.090588 
epoch [117] loss: 0.021043 testing_loss: 0.088480 
epoch [118] loss: 0.020586 testing_loss: 0.085469 
epoch [119] loss: 0.020006 testing_loss: 0.088061 
epoch [120] loss: 0.019679 testing_loss: 0.086003 
train len 29811
test len 7453
arg train len 59622
test len 7453
epoch [1] loss: 2.421653 testing_loss: 1.858790 
epoch [2] loss: 1.906572 testing_loss: 1.518430 
epoch [3] loss: 1.558837 testing_loss: 1.232941 
epoch [4] loss: 1.320225 testing_loss: 1.072556 
epoch [5] loss: 1.152739 testing_loss: 0.946462 
epoch [6] loss: 1.032280 testing_loss: 0.870133 
epoch [7] loss: 0.942175 testing_loss: 0.782078 
epoch [8] loss: 0.866578 testing_loss: 0.749272 
epoch [9] loss: 0.817511 testing_loss: 0.732501 
epoch [10] loss: 0.772852 testing_loss: 0.669058 
epoch [11] loss: 0.736227 testing_loss: 0.671738 
epoch [12] loss: 0.704818 testing_loss: 0.612799 
epoch [13] loss: 0.674207 testing_loss: 0.615826 
epoch [14] loss: 0.651234 testing_loss: 0.577939 
epoch [15] loss: 0.626772 testing_loss: 0.576302 
epoch [16] loss: 0.606268 testing_loss: 0.551197 
epoch [17] loss: 0.585428 testing_loss: 0.539568 
epoch [18] loss: 0.567758 testing_loss: 0.521938 
epoch [19] loss: 0.549832 testing_loss: 0.527391 
epoch [20] loss: 0.533530 testing_loss: 0.496519 
epoch [21] loss: 0.517352 testing_loss: 0.507391 
epoch [22] loss: 0.502341 testing_loss: 0.471792 
epoch [23] loss: 0.489227 testing_loss: 0.457590 
epoch [24] loss: 0.472524 testing_loss: 0.457848 
epoch [25] loss: 0.462746 testing_loss: 0.441635 
epoch [26] loss: 0.447993 testing_loss: 0.445659 
epoch [27] loss: 0.435819 testing_loss: 0.409825 
epoch [28] loss: 0.426862 testing_loss: 0.411311 
epoch [29] loss: 0.413306 testing_loss: 0.410470 
epoch [30] loss: 0.403438 testing_loss: 0.415846 
epoch [31] loss: 0.392373 testing_loss: 0.393064 
epoch [32] loss: 0.383949 testing_loss: 0.381873 
epoch [33] loss: 0.371064 testing_loss: 0.377257 
epoch [34] loss: 0.363603 testing_loss: 0.362324 
epoch [35] loss: 0.354635 testing_loss: 0.362474 
epoch [36] loss: 0.342896 testing_loss: 0.353722 
epoch [37] loss: 0.334646 testing_loss: 0.351902 
epoch [38] loss: 0.327026 testing_loss: 0.337330 
epoch [39] loss: 0.319981 testing_loss: 0.336423 
epoch [40] loss: 0.311049 testing_loss: 0.334058 
epoch [41] loss: 0.147838 testing_loss: 0.155108 
epoch [42] loss: 0.123106 testing_loss: 0.145787 
epoch [43] loss: 0.111770 testing_loss: 0.141728 
epoch [44] loss: 0.105294 testing_loss: 0.136805 
epoch [45] loss: 0.100321 testing_loss: 0.134434 
epoch [46] loss: 0.096291 testing_loss: 0.126354 
epoch [47] loss: 0.092258 testing_loss: 0.122538 
epoch [48] loss: 0.090052 testing_loss: 0.125778 
epoch [49] loss: 0.085161 testing_loss: 0.117264 
epoch [50] loss: 0.082844 testing_loss: 0.116025 
epoch [51] loss: 0.079916 testing_loss: 0.113856 
epoch [52] loss: 0.080438 testing_loss: 0.112261 
epoch [53] loss: 0.076145 testing_loss: 0.115527 
epoch [54] loss: 0.073871 testing_loss: 0.107758 
epoch [55] loss: 0.070911 testing_loss: 0.110336 
epoch [56] loss: 0.069781 testing_loss: 0.104649 
epoch [57] loss: 0.066639 testing_loss: 0.109513 
epoch [58] loss: 0.066116 testing_loss: 0.100854 
epoch [59] loss: 0.064647 testing_loss: 0.101995 
epoch [60] loss: 0.063731 testing_loss: 0.109393 
epoch [61] loss: 0.061800 testing_loss: 0.098762 
epoch [62] loss: 0.059881 testing_loss: 0.102833 
epoch [63] loss: 0.060097 testing_loss: 0.097396 
epoch [64] loss: 0.057189 testing_loss: 0.100892 
epoch [65] loss: 0.055959 testing_loss: 0.098650 
epoch [66] loss: 0.054475 testing_loss: 0.094641 
epoch [67] loss: 0.053701 testing_loss: 0.097918 
epoch [68] loss: 0.052580 testing_loss: 0.094568 
epoch [69] loss: 0.051091 testing_loss: 0.096909 
epoch [70] loss: 0.050375 testing_loss: 0.091405 
epoch [71] loss: 0.049512 testing_loss: 0.090290 
epoch [72] loss: 0.047550 testing_loss: 0.091645 
epoch [73] loss: 0.045826 testing_loss: 0.093127 
epoch [74] loss: 0.045857 testing_loss: 0.091740 
epoch [75] loss: 0.044929 testing_loss: 0.093989 
epoch [76] loss: 0.042522 testing_loss: 0.092631 
epoch [77] loss: 0.042908 testing_loss: 0.092700 
epoch [78] loss: 0.042343 testing_loss: 0.093432 
epoch [79] loss: 0.040233 testing_loss: 0.090826 
epoch [80] loss: 0.039408 testing_loss: 0.090535 
epoch [81] loss: 0.039256 testing_loss: 0.090309 
epoch [82] loss: 0.038514 testing_loss: 0.090505 
epoch [83] loss: 0.038094 testing_loss: 0.092538 
epoch [84] loss: 0.037311 testing_loss: 0.088018 
epoch [85] loss: 0.035823 testing_loss: 0.088952 
epoch [86] loss: 0.036407 testing_loss: 0.090126 
epoch [87] loss: 0.035643 testing_loss: 0.088983 
epoch [88] loss: 0.034162 testing_loss: 0.087269 
epoch [89] loss: 0.033430 testing_loss: 0.086949 
epoch [90] loss: 0.032816 testing_loss: 0.085273 
epoch [91] loss: 0.032863 testing_loss: 0.085165 
epoch [92] loss: 0.032085 testing_loss: 0.082963 
epoch [93] loss: 0.031247 testing_loss: 0.084401 
epoch [94] loss: 0.031044 testing_loss: 0.081578 
epoch [95] loss: 0.029985 testing_loss: 0.081811 
epoch [96] loss: 0.031235 testing_loss: 0.087778 
epoch [97] loss: 0.029675 testing_loss: 0.083482 
epoch [98] loss: 0.028448 testing_loss: 0.083969 
epoch [99] loss: 0.028172 testing_loss: 0.081434 
epoch [100] loss: 0.029017 testing_loss: 0.080972 
epoch [101] loss: 0.027642 testing_loss: 0.083274 
epoch [102] loss: 0.027422 testing_loss: 0.089428 
epoch [103] loss: 0.026187 testing_loss: 0.083317 
epoch [104] loss: 0.025793 testing_loss: 0.083688 
epoch [105] loss: 0.024630 testing_loss: 0.082521 
epoch [106] loss: 0.024435 testing_loss: 0.093086 
epoch [107] loss: 0.024538 testing_loss: 0.079972 
epoch [108] loss: 0.023357 testing_loss: 0.082649 
epoch [109] loss: 0.023820 testing_loss: 0.086466 
epoch [110] loss: 0.024273 testing_loss: 0.081203 
epoch [111] loss: 0.022308 testing_loss: 0.084490 
epoch [112] loss: 0.023877 testing_loss: 0.084525 
epoch [113] loss: 0.022286 testing_loss: 0.078975 
epoch [114] loss: 0.021632 testing_loss: 0.083082 
epoch [115] loss: 0.021647 testing_loss: 0.083556 
epoch [116] loss: 0.020834 testing_loss: 0.086612 
epoch [117] loss: 0.021466 testing_loss: 0.082408 
epoch [118] loss: 0.021126 testing_loss: 0.082266 
epoch [119] loss: 0.020205 testing_loss: 0.081980 
epoch [120] loss: 0.020138 testing_loss: 0.086422 
train len 29811
test len 7453
arg train len 59622
test len 7453
epoch [1] loss: 2.420389 testing_loss: 1.831788 
epoch [2] loss: 1.906273 testing_loss: 1.479095 
epoch [3] loss: 1.560852 testing_loss: 1.207070 
epoch [4] loss: 1.319096 testing_loss: 1.057461 
epoch [5] loss: 1.148643 testing_loss: 0.941895 
epoch [6] loss: 1.020022 testing_loss: 0.861152 
epoch [7] loss: 0.932166 testing_loss: 0.794675 
epoch [8] loss: 0.862603 testing_loss: 0.758468 
epoch [9] loss: 0.815612 testing_loss: 0.722041 
epoch [10] loss: 0.768411 testing_loss: 0.684448 
epoch [11] loss: 0.733106 testing_loss: 0.634262 
epoch [12] loss: 0.701590 testing_loss: 0.610519 
epoch [13] loss: 0.672244 testing_loss: 0.586482 
epoch [14] loss: 0.647331 testing_loss: 0.574034 
epoch [15] loss: 0.624257 testing_loss: 0.553508 
epoch [16] loss: 0.600780 testing_loss: 0.537978 
epoch [17] loss: 0.583997 testing_loss: 0.530631 
epoch [18] loss: 0.563731 testing_loss: 0.518937 
epoch [19] loss: 0.551533 testing_loss: 0.497549 
epoch [20] loss: 0.531563 testing_loss: 0.491670 
epoch [21] loss: 0.518619 testing_loss: 0.485725 
epoch [22] loss: 0.501611 testing_loss: 0.463229 
epoch [23] loss: 0.488585 testing_loss: 0.451191 
epoch [24] loss: 0.474242 testing_loss: 0.442230 
epoch [25] loss: 0.460295 testing_loss: 0.423231 
epoch [26] loss: 0.451636 testing_loss: 0.424664 
epoch [27] loss: 0.437553 testing_loss: 0.414494 
epoch [28] loss: 0.428503 testing_loss: 0.409877 
epoch [29] loss: 0.413891 testing_loss: 0.389784 
epoch [30] loss: 0.403517 testing_loss: 0.392198 
epoch [31] loss: 0.393110 testing_loss: 0.376467 
epoch [32] loss: 0.383871 testing_loss: 0.367300 
epoch [33] loss: 0.373627 testing_loss: 0.362921 
epoch [34] loss: 0.364474 testing_loss: 0.344826 
epoch [35] loss: 0.356144 testing_loss: 0.343692 
epoch [36] loss: 0.346872 testing_loss: 0.344761 
epoch [37] loss: 0.337863 testing_loss: 0.330061 
epoch [38] loss: 0.327836 testing_loss: 0.348049 
epoch [39] loss: 0.322738 testing_loss: 0.319678 
epoch [40] loss: 0.314471 testing_loss: 0.316591 
epoch [41] loss: 0.147146 testing_loss: 0.147453 
epoch [42] loss: 0.121761 testing_loss: 0.140653 
epoch [43] loss: 0.114078 testing_loss: 0.131382 
epoch [44] loss: 0.106334 testing_loss: 0.123556 
epoch [45] loss: 0.100937 testing_loss: 0.124292 
epoch [46] loss: 0.095674 testing_loss: 0.119381 
epoch [47] loss: 0.092599 testing_loss: 0.120295 
epoch [48] loss: 0.087233 testing_loss: 0.118637 
epoch [49] loss: 0.086048 testing_loss: 0.116000 
epoch [50] loss: 0.083169 testing_loss: 0.112441 
epoch [51] loss: 0.079311 testing_loss: 0.109473 
epoch [52] loss: 0.078441 testing_loss: 0.111216 
epoch [53] loss: 0.076303 testing_loss: 0.106158 
epoch [54] loss: 0.072858 testing_loss: 0.105393 
epoch [55] loss: 0.071378 testing_loss: 0.102674 
epoch [56] loss: 0.069943 testing_loss: 0.101172 
epoch [57] loss: 0.067007 testing_loss: 0.100914 
epoch [58] loss: 0.065656 testing_loss: 0.101816 
epoch [59] loss: 0.063606 testing_loss: 0.099453 
epoch [60] loss: 0.061610 testing_loss: 0.098320 
epoch [61] loss: 0.060943 testing_loss: 0.101272 
epoch [62] loss: 0.058908 testing_loss: 0.096912 
epoch [63] loss: 0.058922 testing_loss: 0.095525 
epoch [64] loss: 0.057713 testing_loss: 0.093598 
epoch [65] loss: 0.055499 testing_loss: 0.099725 
epoch [66] loss: 0.055084 testing_loss: 0.097622 
epoch [67] loss: 0.052175 testing_loss: 0.098231 
epoch [68] loss: 0.050564 testing_loss: 0.093517 
epoch [69] loss: 0.050810 testing_loss: 0.092256 
epoch [70] loss: 0.049479 testing_loss: 0.091955 
epoch [71] loss: 0.048088 testing_loss: 0.094130 
epoch [72] loss: 0.047453 testing_loss: 0.094473 
epoch [73] loss: 0.046598 testing_loss: 0.092634 
epoch [74] loss: 0.045907 testing_loss: 0.090970 
epoch [75] loss: 0.042739 testing_loss: 0.090807 
epoch [76] loss: 0.042908 testing_loss: 0.088470 
epoch [77] loss: 0.042294 testing_loss: 0.087746 
epoch [78] loss: 0.040456 testing_loss: 0.088589 
epoch [79] loss: 0.039997 testing_loss: 0.089396 
epoch [80] loss: 0.038214 testing_loss: 0.090111 
epoch [81] loss: 0.039060 testing_loss: 0.087776 
epoch [82] loss: 0.037645 testing_loss: 0.089181 
epoch [83] loss: 0.037944 testing_loss: 0.086933 
epoch [84] loss: 0.036766 testing_loss: 0.088414 
epoch [85] loss: 0.036477 testing_loss: 0.082450 
epoch [86] loss: 0.034862 testing_loss: 0.086239 
epoch [87] loss: 0.034874 testing_loss: 0.090025 
epoch [88] loss: 0.033321 testing_loss: 0.091105 
epoch [89] loss: 0.034198 testing_loss: 0.082706 
epoch [90] loss: 0.033265 testing_loss: 0.083977 
epoch [91] loss: 0.030924 testing_loss: 0.082660 
epoch [92] loss: 0.030448 testing_loss: 0.086059 
epoch [93] loss: 0.030226 testing_loss: 0.086671 
epoch [94] loss: 0.030842 testing_loss: 0.084725 
epoch [95] loss: 0.028593 testing_loss: 0.083770 
epoch [96] loss: 0.029185 testing_loss: 0.082590 
epoch [97] loss: 0.029520 testing_loss: 0.081113 
epoch [98] loss: 0.028842 testing_loss: 0.085916 
epoch [99] loss: 0.029102 testing_loss: 0.080838 
epoch [100] loss: 0.027668 testing_loss: 0.083794 
epoch [101] loss: 0.026268 testing_loss: 0.084499 
epoch [102] loss: 0.026687 testing_loss: 0.083344 
epoch [103] loss: 0.027835 testing_loss: 0.082734 
epoch [104] loss: 0.025668 testing_loss: 0.080925 
epoch [105] loss: 0.025436 testing_loss: 0.078947 
epoch [106] loss: 0.023797 testing_loss: 0.082997 
epoch [107] loss: 0.024350 testing_loss: 0.079336 
epoch [108] loss: 0.022229 testing_loss: 0.080394 
epoch [109] loss: 0.023251 testing_loss: 0.086574 
epoch [110] loss: 0.023529 testing_loss: 0.083268 
epoch [111] loss: 0.023258 testing_loss: 0.083816 
epoch [112] loss: 0.022998 testing_loss: 0.083343 
epoch [113] loss: 0.021442 testing_loss: 0.083963 
epoch [114] loss: 0.021609 testing_loss: 0.082943 
epoch [115] loss: 0.021409 testing_loss: 0.084044 
epoch [116] loss: 0.021543 testing_loss: 0.086576 
epoch [117] loss: 0.020862 testing_loss: 0.080288 
epoch [118] loss: 0.021421 testing_loss: 0.079238 
epoch [119] loss: 0.019795 testing_loss: 0.082872 
epoch [120] loss: 0.019774 testing_loss: 0.082246 
train len 29812
test len 7452
arg train len 59624
test len 7452
epoch [1] loss: 2.412125 testing_loss: 1.860045 
epoch [2] loss: 1.905342 testing_loss: 1.538196 
epoch [3] loss: 1.559495 testing_loss: 1.234847 
epoch [4] loss: 1.316279 testing_loss: 1.068040 
epoch [5] loss: 1.153447 testing_loss: 0.953725 
epoch [6] loss: 1.026767 testing_loss: 0.875402 
epoch [7] loss: 0.936247 testing_loss: 0.794829 
epoch [8] loss: 0.872489 testing_loss: 0.770476 
epoch [9] loss: 0.818604 testing_loss: 0.711924 
epoch [10] loss: 0.770935 testing_loss: 0.712496 
epoch [11] loss: 0.737705 testing_loss: 0.634864 
epoch [12] loss: 0.702644 testing_loss: 0.621083 
epoch [13] loss: 0.676403 testing_loss: 0.596200 
epoch [14] loss: 0.646789 testing_loss: 0.564262 
epoch [15] loss: 0.625071 testing_loss: 0.569243 
epoch [16] loss: 0.605988 testing_loss: 0.548038 
epoch [17] loss: 0.588659 testing_loss: 0.527915 
epoch [18] loss: 0.567994 testing_loss: 0.530485 
epoch [19] loss: 0.548246 testing_loss: 0.520464 
epoch [20] loss: 0.533231 testing_loss: 0.512473 
epoch [21] loss: 0.516543 testing_loss: 0.492939 
epoch [22] loss: 0.505149 testing_loss: 0.475481 
epoch [23] loss: 0.488389 testing_loss: 0.476864 
epoch [24] loss: 0.476919 testing_loss: 0.464162 
epoch [25] loss: 0.463725 testing_loss: 0.451698 
epoch [26] loss: 0.451801 testing_loss: 0.429103 
epoch [27] loss: 0.438183 testing_loss: 0.426206 
epoch [28] loss: 0.426153 testing_loss: 0.402583 
epoch [29] loss: 0.416904 testing_loss: 0.408104 
epoch [30] loss: 0.403225 testing_loss: 0.408159 
epoch [31] loss: 0.395395 testing_loss: 0.381968 
epoch [32] loss: 0.383206 testing_loss: 0.389034 
epoch [33] loss: 0.372913 testing_loss: 0.372485 
epoch [34] loss: 0.363316 testing_loss: 0.383236 
epoch [35] loss: 0.356143 testing_loss: 0.356028 
epoch [36] loss: 0.346784 testing_loss: 0.352566 
epoch [37] loss: 0.336962 testing_loss: 0.350801 
epoch [38] loss: 0.329538 testing_loss: 0.333770 
epoch [39] loss: 0.321990 testing_loss: 0.324597 
epoch [40] loss: 0.314031 testing_loss: 0.319656 
epoch [41] loss: 0.147725 testing_loss: 0.150562 
epoch [42] loss: 0.122347 testing_loss: 0.140636 
epoch [43] loss: 0.114234 testing_loss: 0.134657 
epoch [44] loss: 0.107374 testing_loss: 0.134785 
epoch [45] loss: 0.100484 testing_loss: 0.129124 
epoch [46] loss: 0.095909 testing_loss: 0.124577 
epoch [47] loss: 0.091774 testing_loss: 0.120571 
epoch [48] loss: 0.089818 testing_loss: 0.113404 
epoch [49] loss: 0.084931 testing_loss: 0.115162 
epoch [50] loss: 0.083550 testing_loss: 0.116093 
epoch [51] loss: 0.082432 testing_loss: 0.111768 
epoch [52] loss: 0.077277 testing_loss: 0.112448 
epoch [53] loss: 0.076540 testing_loss: 0.111326 
epoch [54] loss: 0.074965 testing_loss: 0.108545 
epoch [55] loss: 0.071469 testing_loss: 0.110091 
epoch [56] loss: 0.070393 testing_loss: 0.104991 
epoch [57] loss: 0.067637 testing_loss: 0.103901 
epoch [58] loss: 0.066710 testing_loss: 0.102553 
epoch [59] loss: 0.065570 testing_loss: 0.098466 
epoch [60] loss: 0.062489 testing_loss: 0.097148 
epoch [61] loss: 0.061613 testing_loss: 0.094946 
epoch [62] loss: 0.059939 testing_loss: 0.098471 
epoch [63] loss: 0.058116 testing_loss: 0.093745 
epoch [64] loss: 0.056083 testing_loss: 0.095933 
epoch [65] loss: 0.056703 testing_loss: 0.095708 
epoch [66] loss: 0.055003 testing_loss: 0.093328 
epoch [67] loss: 0.053086 testing_loss: 0.091625 
epoch [68] loss: 0.050741 testing_loss: 0.091620 
epoch [69] loss: 0.050484 testing_loss: 0.093654 
epoch [70] loss: 0.049750 testing_loss: 0.093223 
epoch [71] loss: 0.049357 testing_loss: 0.093915 
epoch [72] loss: 0.047553 testing_loss: 0.088659 
epoch [73] loss: 0.045408 testing_loss: 0.090643 
epoch [74] loss: 0.044987 testing_loss: 0.092098 
epoch [75] loss: 0.044229 testing_loss: 0.090991 
epoch [76] loss: 0.043138 testing_loss: 0.087981 
epoch [77] loss: 0.042264 testing_loss: 0.090023 
epoch [78] loss: 0.041446 testing_loss: 0.091073 
epoch [79] loss: 0.041658 testing_loss: 0.095112 
epoch [80] loss: 0.039746 testing_loss: 0.087709 
epoch [81] loss: 0.039717 testing_loss: 0.089497 
epoch [82] loss: 0.037791 testing_loss: 0.086909 
epoch [83] loss: 0.037985 testing_loss: 0.087722 
epoch [84] loss: 0.036464 testing_loss: 0.085284 
epoch [85] loss: 0.035030 testing_loss: 0.085911 
epoch [86] loss: 0.034781 testing_loss: 0.084479 
epoch [87] loss: 0.034208 testing_loss: 0.086361 
epoch [88] loss: 0.034800 testing_loss: 0.084912 
epoch [89] loss: 0.032926 testing_loss: 0.085923 
epoch [90] loss: 0.033706 testing_loss: 0.082598 
epoch [91] loss: 0.033169 testing_loss: 0.084992 
epoch [92] loss: 0.032264 testing_loss: 0.088685 
epoch [93] loss: 0.031518 testing_loss: 0.084544 
epoch [94] loss: 0.030442 testing_loss: 0.081158 
epoch [95] loss: 0.029510 testing_loss: 0.081002 
epoch [96] loss: 0.028939 testing_loss: 0.082140 
epoch [97] loss: 0.029361 testing_loss: 0.080296 
epoch [98] loss: 0.028773 testing_loss: 0.082170 
epoch [99] loss: 0.027656 testing_loss: 0.080203 
epoch [100] loss: 0.027042 testing_loss: 0.082692 
epoch [101] loss: 0.026960 testing_loss: 0.082046 
epoch [102] loss: 0.026192 testing_loss: 0.081591 
epoch [103] loss: 0.025825 testing_loss: 0.081202 
epoch [104] loss: 0.025990 testing_loss: 0.079631 
epoch [105] loss: 0.025454 testing_loss: 0.082068 
epoch [106] loss: 0.024995 testing_loss: 0.083495 
epoch [107] loss: 0.025168 testing_loss: 0.083788 
epoch [108] loss: 0.024300 testing_loss: 0.081246 
epoch [109] loss: 0.023312 testing_loss: 0.077136 
epoch [110] loss: 0.023575 testing_loss: 0.083652 
epoch [111] loss: 0.023064 testing_loss: 0.079214 
epoch [112] loss: 0.022311 testing_loss: 0.081880 
epoch [113] loss: 0.022799 testing_loss: 0.078847 
epoch [114] loss: 0.022090 testing_loss: 0.079979 
epoch [115] loss: 0.022252 testing_loss: 0.080306 
epoch [116] loss: 0.022166 testing_loss: 0.078109 
epoch [117] loss: 0.021042 testing_loss: 0.080759 
epoch [118] loss: 0.021162 testing_loss: 0.078633 
epoch [119] loss: 0.019928 testing_loss: 0.079813 
epoch [120] loss: 0.020169 testing_loss: 0.079676 
time used: 2.7602440971798368
2024-10-06 18:26:46
